Arguments: 
  /usr/bin/node /usr/bin/yarn init

PATH: 
  /home/xiao/.local/bin:/usr/local/go/bin:/c/ProgramData/chocolatey/bin:/home/xiao/go/bin:/home/xiao/.yarn/bin:/home/xiao/.vscode-server/bin/f1b07bd25dfad64b0167beb15359ae573aecd2cc/bin/remote-cli:/home/xiao/.local/bin:/usr/local/go/bin:/c/ProgramData/chocolatey/bin:/home/xiao/go/bin:/home/xiao/.yarn/bin:/usr/local/sbin:/usr/local/bin:/usr/sbin:/usr/bin:/sbin:/bin:/usr/games:/usr/local/games:/usr/lib/wsl/lib:/mnt/c/Python311/Scripts/:/mnt/c/Python311/:/mnt/c/Program Files (x86)/Common Files/Oracle/Java/javapath:/mnt/c/Windows/system32:/mnt/c/Windows:/mnt/c/Windows/System32/Wbem:/mnt/c/Windows/System32/WindowsPowerShell/v1.0/:/mnt/c/Windows/System32/OpenSSH/:/mnt/c/Program Files/Microsoft VS Code/bin:/mnt/c/Program Files/Git/cmd:/mnt/c/Program Files/dotnet/:/mnt/c/Program Files/Perforce/:/mnt/c/Program Files/Git LFS:/mnt/c/Program Files/NVIDIA Corporation/NVIDIA NvDLISR:/mnt/c/Program Files (x86)/NVIDIA Corporation/PhysX/Common:/mnt/c/ProgramData/chocolatey/bin:/mnt/c/Program Files (x86)/dotnet/:/mnt/c/Program Files/LOVE:/mnt/d/Program Files/Go/bin:/Docker/host/bin:/mnt/c/Program Files/Cloudflare/Cloudflare WARP/:/mnt/c/Program Files/nodejs/:/mnt/c/Users/kuro/AppData/Local/Programs/Python/Python310/Scripts/:/mnt/c/Users/kuro/AppData/Local/Programs/Python/Python310/:/mnt/c/Users/kuro/AppData/Local/Microsoft/WindowsApps:/mnt/c/Program Files/JetBrains/Rider for Unreal Engine 2021.3/bin:/mnt/c/Users/kuro/.dotnet/tools:/mnt/c/Users/kuro/bin:/mnt/f/UE_5.0/Engine/Binaries/Win64:/mnt/c/Users/kuro/AppData/Local/Programs/EmEditor:/mnt/c/Users/kuro/go/bin:/mnt/c/Users/kuro/git_project/me/scripts:/mnt/c/Users/kuro/AppData/Roaming/npm:/mnt/c/Users/kuro/AppData/Local/Yarn/bin

Yarn version: 
  1.22.19

Node version: 
  18.18.1

Platform: 
  linux x64

Trace: 
  Error: canceled
      at Interface.<anonymous> (/usr/lib/node_modules/yarn/lib/cli.js:137150:13)
      at Interface.emit (node:events:517:28)
      at [_ttyWrite] [as _ttyWrite] (node:internal/readline/interface:1132:18)
      at ReadStream.onkeypress (node:internal/readline/interface:271:20)
      at ReadStream.emit (node:events:517:28)
      at emitKeys (node:internal/readline/utils:357:14)
      at emitKeys.next (<anonymous>)
      at ReadStream.onData (node:internal/readline/emitKeypressEvents:64:36)
      at ReadStream.emit (node:events:517:28)
      at addChunk (node:internal/streams/readable:335:12)

npm manifest: 
  {
    "name": "my-mocha-test",
    "version": "1.0.0",
    "description": "",
    "main": "src/main.ts",
    "scripts": {
      "test": "mocha",
      "start": "ts-node src/main.ts"
    },
    "keywords": [],
    "author": "",
    "license": "ISC",
    "devDependencies": {
      "@types/chai": "^4.3.6",
      "@types/mocha": "^9.0.0",
      "@types/node": "^16.11.7",
      "chai": "^4.3.8",
      "mocha": "^9.1.3",
      "ts-node": "^10.4.0",
      "typescript": "^4.4.4"
    }
  }

yarn manifest: 
  No manifest

Lockfile: 
  No lockfile
