Arguments: 
  C:\Program Files\nodejs\node.exe C:\Users\kuro\AppData\Roaming\npm\node_modules\yarn\bin\yarn.js info

PATH: 
  C:\Users\kuro\bin;C:\Program Files\Git\mingw64\bin;C:\Program Files\Git\usr\local\bin;C:\Program Files\Git\usr\bin;C:\Program Files\Git\usr\bin;C:\Program Files\Git\mingw64\bin;C:\Program Files\Git\usr\bin;C:\Users\kuro\bin;C:\Python311\Scripts;C:\Python311;C:\Program Files (x86)\Common Files\Oracle\Java\javapath;C:\Windows\system32;C:\Windows;C:\Windows\System32\Wbem;C:\Windows\System32\WindowsPowerShell\v1.0;C:\Windows\System32\OpenSSH;C:\Program Files\Git\cmd;C:\Program Files\dotnet;C:\Program Files\Perforce;C:\Program Files\Git LFS;C:\Program Files\NVIDIA Corporation\NVIDIA NvDLISR;C:\Program Files (x86)\NVIDIA Corporation\PhysX\Common;C:\ProgramData\chocolatey\bin;C:\Program Files (x86)\dotnet;C:\Program Files\LOVE;C:\Program Files\Docker\Docker\resources\bin;C:\Program Files\nodejs;C:\Users\kuro\AppData\Local\Programs\Python\Python310\Scripts;C:\Users\kuro\AppData\Local\Programs\Python\Python310;C:\Users\kuro\AppData\Local\Microsoft\WindowsApps;C:\Program Files\JetBrains\Rider for Unreal Engine 2021.3\bin;C:\Users\kuro\.dotnet\tools;C:\Users\kuro\bin;F:\UE_5.0\Engine\Binaries\Win64;C:\Users\kuro\AppData\Local\Programs\EmEditor;C:\Users\kuro\git_project\me\scripts;C:\Users\kuro\AppData\Roaming\npm;C:\Users\kuro\AppData\Local\Yarn\bin;C:\Users\kuro\AppData\Local\Programs\Microsoft VS Code\bin;C:\Program Files\Git\usr\bin\vendor_perl;C:\Program Files\Git\usr\bin\core_perl;C:\Users\kuro\.local\bin;C:\Program Files\Git\usr\local\go\bin;C:\ProgramData\chocolatey\bin

Yarn version: 
  1.22.19

Node version: 
  18.17.1

Platform: 
  win32 x64

Trace: 
  TypeError: Cannot read properties of null (reading '1')
      at parsePackageName (C:\Users\kuro\AppData\Roaming\npm\node_modules\yarn\lib\cli.js:97199:29)
      at Object.<anonymous> (C:\Users\kuro\AppData\Roaming\npm\node_modules\yarn\lib\cli.js:84761:90)
      at Generator.next (<anonymous>)
      at step (C:\Users\kuro\AppData\Roaming\npm\node_modules\yarn\lib\cli.js:310:30)
      at C:\Users\kuro\AppData\Roaming\npm\node_modules\yarn\lib\cli.js:321:13

npm manifest: 
  {
    "private": true,
    "license": "MIT",
    "scripts": {
      "info": "yarn workspaces info",
      "build": "yarn workspaces run build",
      "watch": "yarn workspaces run watch"
    },
    "workspaces": ["common", "frontend", "backend"]
  }

yarn manifest: 
  No manifest

Lockfile: 
  # THIS IS AN AUTOGENERATED FILE. DO NOT EDIT THIS FILE DIRECTLY.
  # yarn lockfile v1
  
  
  typescript@^5.3.3:
    version "5.3.3"
    resolved "https://registry.npmmirror.com/typescript/-/typescript-5.3.3.tgz#b3ce6ba258e72e6305ba66f5c9b452aaee3ffe37"
    integrity sha512-pXWcraxM0uxAS+tN0AG/BF2TyqmHO014Z070UsJ+pFvYuRSq8KH8DmWpnbXe0pEPDHXZV3FcAbJkijJ5oNEnWw==
